<?xml version="1.0" encoding="UTF-8"?>
<!-- Generated by org.testng.reporters.JUnitXMLReporter -->
<testsuite ignored="4" hostname="Himanshu-Workspace" failures="0" tests="17" name="Tests" time="83.348" errors="0" timestamp="2023-10-03T08:13:36 IST">
  <testcase classname="com.nextgenai.tests.ScreenNavigationTests" name="validatingHomePageNavigation" time="6.236"/>
  <testcase classname="com.nextgenai.tests.ScreenNavigationTests" name="validatingSeleniumCurriculumNavigation" time="40.53"/>
  <testcase classname="com.nextgenai.tests.ScreenNavigationTests" name="validatingToolsCurriculumNavigation" time="1.521"/>
  <testcase classname="com.nextgenai.tests.ScreenNavigationTests" name="validatingRegistrationFormNavigation" time="2.598"/>
  <testcase classname="com.nextgenai.tests.ScreenNavigationTests" name="validatingDynamicTransactionNavigation" time="9.749"/>
  <testcase classname="com.nextgenai.tests.ScreenNavigationTests" name="validatingMouseEventNavigation" time="2.23"/>
  <testcase classname="com.nextgenai.tests.ScreenNavigationTests" name="validatingAlertAndPopupNavigation" time="1.297"/>
  <testcase classname="com.nextgenai.tests.ScreenNavigationTests" name="validatingMultipleWindowsNavigation" time="1.881"/>
  <testcase classname="com.nextgenai.tests.ScreenNavigationTests" name="validatingIFrameNavigation" time="3.133"/>
  <testcase classname="com.nextgenai.tests.ScreenNavigationTests" name="validatingWebTableNavigation" time="3.807"/>
  <testcase classname="com.nextgenai.tests.ScreenNavigationTests" name="validatingProgressBarNavigation" time="2.246"/>
  <testcase classname="com.nextgenai.tests.ScreenNavigationTests" name="validatingTechTalksNavigation" time="1.677"/>
  <testcase classname="com.nextgenai.tests.ScreenNavigationTests" name="validatingTestimonialsNavigation" time="1.81"/>
  <testcase classname="com.nextgenai.tests.ScreenNavigationTests" name="validatingPythonForAutomationNavigation" time="2.522"/>
  <testcase classname="com.nextgenai.tests.RegisterUserTests" name="validatingRegistrationFormNavigation" time="1.239"/>
  <testcase classname="com.nextgenai.tests.RegisterUserTests" name="validatingRegistrationPageTitle" time="0.028"/>
  <testcase classname="com.nextgenai.tests.RegisterUserTests" name="validatingRegistrationFormTitle" time="0.191"/>
  <testcase classname="com.nextgenai.driverscript.TestBase" name="@BeforeSuite setup" time="0.0">
    <ignored/>
  </testcase> <!-- @BeforeSuite setup -->
  <testcase classname="com.nextgenai.driverscript.TestBase" name="@BeforeSuite setup" time="0.0">
    <ignored/>
  </testcase> <!-- @BeforeSuite setup -->
  <testcase classname="com.nextgenai.driverscript.TestBase" name="@AfterSuite tearDown" time="0.0">
    <ignored/>
  </testcase> <!-- @AfterSuite tearDown -->
  <testcase classname="com.nextgenai.driverscript.TestBase" name="@AfterSuite tearDown" time="0.0">
    <ignored/>
  </testcase> <!-- @AfterSuite tearDown -->
</testsuite> <!-- Tests -->
