<?xml version="1.0" encoding="UTF-8"?>
<!-- Generated by org.testng.reporters.JUnitXMLReporter -->
<testsuite ignored="0" hostname="Himanshu-Workspace" failures="0" tests="24" name="Default test" time="1.621" errors="0" timestamp="2023-10-07T10:14:22 IST">
  <testcase classname="com.nextgenai.utilities.ExcelDataProvider" name="testMethod" time="0.0"/>
  <testcase classname="com.nextgenai.utilities.ExcelDataProvider" name="testMethod" time="0.0"/>
  <testcase classname="com.nextgenai.utilities.ExcelDataProvider" name="testMethod" time="0.0"/>
  <testcase classname="com.nextgenai.utilities.ExcelDataProvider" name="testMethod" time="0.0"/>
  <testcase classname="com.nextgenai.utilities.ExcelDataProvider" name="testMethod" time="0.0"/>
  <testcase classname="com.nextgenai.utilities.ExcelDataProvider" name="testMethod" time="0.0"/>
  <testcase classname="com.nextgenai.utilities.ExcelDataProvider" name="testMethod" time="0.0"/>
  <testcase classname="com.nextgenai.utilities.ExcelDataProvider" name="testMethod" time="0.016"/>
  <testcase classname="com.nextgenai.utilities.ExcelDataProvider" name="testMethod" time="0.0"/>
  <testcase classname="com.nextgenai.utilities.ExcelDataProvider" name="testMethod" time="0.016"/>
  <testcase classname="com.nextgenai.utilities.ExcelDataProvider" name="testMethod" time="0.0"/>
  <testcase classname="com.nextgenai.utilities.ExcelDataProvider" name="testMethod" time="0.015"/>
  <testcase classname="com.nextgenai.utilities.ExcelDataProvider" name="testMethod" time="0.0"/>
  <testcase classname="com.nextgenai.utilities.ExcelDataProvider" name="testMethod" time="0.0"/>
  <testcase classname="com.nextgenai.utilities.ExcelDataProvider" name="testMethod" time="0.0"/>
  <testcase classname="com.nextgenai.utilities.ExcelDataProvider" name="testMethod" time="0.014"/>
  <testcase classname="com.nextgenai.utilities.ExcelDataProvider" name="testMethod" time="0.0"/>
  <testcase classname="com.nextgenai.utilities.ExcelDataProvider" name="testMethod" time="0.0"/>
  <testcase classname="com.nextgenai.utilities.ExcelDataProvider" name="testMethod" time="0.0"/>
  <testcase classname="com.nextgenai.utilities.ExcelDataProvider" name="testMethod" time="0.0"/>
  <testcase classname="com.nextgenai.utilities.ExcelDataProvider" name="testMethod" time="0.016"/>
  <testcase classname="com.nextgenai.utilities.ExcelDataProvider" name="testMethod" time="0.0"/>
  <testcase classname="com.nextgenai.utilities.ExcelDataProvider" name="testMethod" time="0.0"/>
  <testcase classname="com.nextgenai.utilities.ExcelDataProvider" name="testMethod" time="0.0"/>
</testsuite> <!-- Default test -->
